./cleanup.c: OK!
./signals.c: OK!
./builtins/cd.c: OK!
./builtins/child_builtins.c: OK!
./builtins/exit.c: OK!
./builtins/export.c: OK!
./builtins/unset.c: OK!
./builtins/utils.c: OK!
./builtins/export_utils.c: OK!
./env_utils/env_array.c: OK!
./env_utils/env_expand_build.c: Error!
Error: TOO_MANY_LINES       (line:  52, col:   1):	Function has more than 25 lines
./env_utils/env_expand_len.c: OK!
./env_utils/env_utils.c: OK!
./execution/builtin_dispatch.c: OK!
./execution/builtin_type.c: OK!
./execution/command_errors.c: OK!
./execution/command_exec.c: OK!
./execution/executor.c: OK!
./execution/main.c: OK!
./execution/path_resolver.c: OK!
./execution/pipeline_executor.c: OK!
./execution/pipeline_setup.c: OK!
./execution/redirections.c: OK!
./execution/command_exec_utils.c: Error!
Error: TOO_MANY_FUNCS       (line:  66, col:   1):	Too many functions in file
./execution/executor_utils.c: OK!
./execution/command_exec_process.c: Error!
Error: TOO_MANY_FUNCS       (line: 102, col:   1):	Too many functions in file
./execution/main_utils.c: OK!
./execution/pipeline_executor_utils.c: OK!
./includes/builtins.h: Error!
Error: MISALIGNED_FUNC_DECL (line:  31, col:  13):	Misaligned function declaration
Error: MISALIGNED_FUNC_DECL (line:  32, col:  13):	Misaligned function declaration
Error: MISALIGNED_FUNC_DECL (line:  33, col:  13):	Misaligned function declaration
Error: TOO_MANY_TAB         (line:  34, col:   1):	Extra tabs for indent level
Error: MISALIGNED_FUNC_DECL (line:  35, col:  13):	Misaligned function declaration
./includes/cleanup.h: OK!
./includes/env_utils.h: OK!
./includes/minishell.h: Error!
Notice: GLOBAL_VAR_DETECTED  (line:  49, col:   1):	Global variable present in file. Make sure it is a reasonable choice.
Error: MISALIGNED_VAR_DECL  (line:  49, col:  33):	Misaligned variable declaration
./includes/signals.h: OK!
./includes/tokenization.h: OK!
./libft/inc/ft_printf.h: OK!
./libft/inc/get_next_line.h: OK!
./libft/inc/libft.h: OK!
./libft/src/ft_realloc.c: OK!
./libft/src/ft_is/ft_isalnum.c: OK!
./libft/src/ft_is/ft_isalpha.c: OK!
./libft/src/ft_is/ft_isascii.c: OK!
./libft/src/ft_is/ft_isdigit.c: OK!
./libft/src/ft_is/ft_islower.c: OK!
./libft/src/ft_is/ft_isprint.c: OK!
./libft/src/ft_is/ft_isspace.c: OK!
./libft/src/ft_is/ft_isupper.c: OK!
./libft/src/ft_lst/ft_lstadd_back.c: OK!
./libft/src/ft_lst/ft_lstadd_front.c: OK!
./libft/src/ft_lst/ft_lstclear.c: OK!
./libft/src/ft_lst/ft_lstdelone.c: OK!
./libft/src/ft_lst/ft_lstiter.c: OK!
./libft/src/ft_lst/ft_lstlast.c: OK!
./libft/src/ft_lst/ft_lstmap.c: OK!
./libft/src/ft_lst/ft_lstnew.c: OK!
./libft/src/ft_lst/ft_lstsize.c: OK!
./libft/src/ft_mem/ft_bzero.c: OK!
./libft/src/ft_mem/ft_calloc.c: OK!
./libft/src/ft_mem/ft_memchr.c: OK!
./libft/src/ft_mem/ft_memcmp.c: OK!
./libft/src/ft_mem/ft_memcpy.c: OK!
./libft/src/ft_mem/ft_memmove.c: OK!
./libft/src/ft_mem/ft_memset.c: OK!
./libft/src/ft_mem/ft_realloc.c: OK!
./libft/src/ft_printf/ft_handle_char.c: OK!
./libft/src/ft_printf/ft_handle_hex.c: OK!
./libft/src/ft_printf/ft_handle_int.c: OK!
./libft/src/ft_printf/ft_handle_percent.c: OK!
./libft/src/ft_printf/ft_handle_pointer.c: OK!
./libft/src/ft_printf/ft_handle_string.c: OK!
./libft/src/ft_printf/ft_handle_unsigned.c: OK!
./libft/src/ft_printf/ft_printf.c: OK!
./libft/src/ft_printf/ft_printf_utils.c: OK!
./libft/src/ft_put/ft_putchar_fd.c: OK!
./libft/src/ft_put/ft_putendl_fd.c: OK!
./libft/src/ft_put/ft_putnbr_fd.c: OK!
./libft/src/ft_put/ft_putstr_fd.c: OK!
./libft/src/ft_str/ft_split.c: OK!
./libft/src/ft_str/ft_strchr.c: OK!
./libft/src/ft_str/ft_strcmp.c: OK!
./libft/src/ft_str/ft_strdup.c: OK!
./libft/src/ft_str/ft_striteri.c: OK!
./libft/src/ft_str/ft_strjoin.c: OK!
./libft/src/ft_str/ft_strlcat.c: OK!
./libft/src/ft_str/ft_strlcpy.c: OK!
./libft/src/ft_str/ft_strlen.c: OK!
./libft/src/ft_str/ft_strmapi.c: OK!
./libft/src/ft_str/ft_strncmp.c: OK!
./libft/src/ft_str/ft_strncpy.c: OK!
./libft/src/ft_str/ft_strndup.c: OK!
./libft/src/ft_str/ft_strnstr.c: OK!
./libft/src/ft_str/ft_strrchr.c: OK!
./libft/src/ft_str/ft_strtok.c: OK!
./libft/src/ft_str/ft_strtrim.c: OK!
./libft/src/ft_str/ft_substr.c: OK!
./libft/src/ft_to/ft_atoi.c: OK!
./libft/src/ft_to/ft_atoi_base.c: OK!
./libft/src/ft_to/ft_atol.c: OK!
./libft/src/ft_to/ft_itoa.c: OK!
./libft/src/ft_to/ft_tolower.c: OK!
./libft/src/ft_to/ft_toupper.c: OK!
./libft/src/get_next_line/get_next_line.c: OK!
./libft/src/get_next_line/gnl_utils.c: OK!
./parsing/ast_builder.c: OK!
./parsing/ast_utils.c: OK!
./parsing/heredoc.c: OK!
./parsing/line_reader.c: OK!
./parsing/quotes.c: OK!
./parsing/redir_utils.c: OK!
./parsing/smart_split.c: OK!
./parsing/split_context.c: OK!
./parsing/split_helpers.c: OK!
./parsing/split_pipe.c: OK!
./parsing/substitution.c: OK!
./parsing/ast_utils_helpers.c: OK!
./parsing/ast_utils_syntax.c: OK!
./parsing/ast_utils_processing.c: OK!
./parsing/heredoc_utils.c: OK!
./parsing/substitution_utils.c: OK!
./parsing/split_context_utils.c: OK!
./parsing/heredoc_utils2.c: OK!
./parsing/split_pipe_utils.c: OK!
